app/build/intermediates/proguard-rules/umeng5/release/aapt_rules.txt
# view AndroidManifest.xml #generated:20
-keep class com.example.androiddemo.MainActivity { <init>(...); }