app/build/outputs/mapping/wandoujia/release/mapping.txt
com.example.androiddemo.MainActivity -> com.example.androiddemo.MainActivity:
    void <init>() -> <init>
    void onCreate(android.os.Bundle) -> onCreate
...
android.support.v4.widget.EdgeEffectCompat$EdgeEffectIcsImpl -> android.support.v4.widget.g:
    void <init>() -> <init>
    void setSize(java.lang.Object,int,int) -> a
    boolean isFinished(java.lang.Object) -> a
    void finish(java.lang.Object) -> b
    boolean onPull(java.lang.Object,float) -> a
    boolean onRelease(java.lang.Object) -> c
    boolean draw(java.lang.Object,android.graphics.Canvas) -> a
android.support.v4.widget.EdgeEffectCompat$EdgeEffectImpl -> android.support.v4.widget.h:
    void setSize(java.lang.Object,int,int) -> a
    boolean isFinished(java.lang.Object) -> a
    void finish(java.lang.Object) -> b
    boolean onPull(java.lang.Object,float) -> a
    boolean onRelease(java.lang.Object) -> c
    boolean draw(java.lang.Object,android.graphics.Canvas) -> a
android.support.v4.widget.EdgeEffectCompatIcs -> android.support.v4.widget.i:
    void setSize(java.lang.Object,int,int) -> a
    boolean isFinished(java.lang.Object) -> a
    void finish(java.lang.Object) -> b
    boolean onPull(java.lang.Object,float) -> a
    boolean onRelease(java.lang.Object) -> c
    boolean draw(java.lang.Object,android.graphics.Canvas) -> a
android.support.v4.widget.ScrollerCompat -> android.support.v4.widget.j:
    java.lang.Object mScroller -> a
    android.support.v4.widget.ScrollerCompat$ScrollerCompatImpl IMPL -> b
    boolean isFinished() -> a
    int getCurrX() -> b
    int getCurrY() -> c
    int getFinalX() -> d
    int getFinalY() -> e
    boolean computeScrollOffset() -> f
    void startScroll(int,int,int,int,int) -> a
    void abortAnimation() -> g
    void <clinit>() -> <clinit>
android.support.v4.widget.ScrollerCompat$ScrollerCompatImpl -> android.support.v4.widget.k:
    boolean isFinished(java.lang.Object) -> a
    int getCurrX(java.lang.Object) -> b
    int getCurrY(java.lang.Object) -> c
    boolean computeScrollOffset(java.lang.Object) -> d
    void startScroll(java.lang.Object,int,int,int,int,int) -> a
    void abortAnimation(java.lang.Object) -> e
    int getFinalX(java.lang.Object) -> f
    int getFinalY(java.lang.Object) -> g
android.support.v4.widget.ScrollerCompat$ScrollerCompatImplBase -> android.support.v4.widget.l:
    void <init>() -> <init>
    boolean isFinished(java.lang.Object) -> a
    int getCurrX(java.lang.Object) -> b
    int getCurrY(java.lang.Object) -> c
    boolean computeScrollOffset(java.lang.Object) -> d
    void startScroll(java.lang.Object,int,int,int,int,int) -> a
    void abortAnimation(java.lang.Object) -> e
    int getFinalX(java.lang.Object) -> f
    int getFinalY(java.lang.Object) -> g
android.support.v4.widget.ScrollerCompat$ScrollerCompatImplGingerbread -> android.support.v4.widget.m:
    void <init>() -> <init>
    boolean isFinished(java.lang.Object) -> a
    int getCurrX(java.lang.Object) -> b
    int getCurrY(java.lang.Object) -> c
    boolean computeScrollOffset(java.lang.Object) -> d
    void startScroll(java.lang.Object,int,int,int,int,int) -> a
    void abortAnimation(java.lang.Object) -> e
    int getFinalX(java.lang.Object) -> f
    int getFinalY(java.lang.Object) -> g
android.support.v4.widget.ScrollerCompat$ScrollerCompatImplIcs -> android.support.v4.widget.n:
    void <init>() -> <init>
android.support.v4.widget.ScrollerCompatGingerbread -> android.support.v4.widget.o:
    boolean isFinished(java.lang.Object) -> a
    int getCurrX(java.lang.Object) -> b
    int getCurrY(java.lang.Object) -> c
    boolean computeScrollOffset(java.lang.Object) -> d
    void startScroll(java.lang.Object,int,int,int,int,int) -> a
    void abortAnimation(java.lang.Object) -> e
    int getFinalX(java.lang.Object) -> f
    int getFinalY(java.lang.Object) -> g